<?xml version="1.0" encoding="UTF-8"?>
<testsuite xmlns:xsi="http://www.w3.org/2001/XMLSchema-instance" xsi:noNamespaceSchemaLocation="https://maven.apache.org/surefire/maven-surefire-plugin/xsd/surefire-test-report.xsd" version="3.0.2" name="com.example.springbootvsframework.MainTest" time="2.956" tests="1" errors="0" skipped="0" failures="0">
  <properties>
[...]
</properties>
  <testcase name="contextLoads" classname="com.example.springbootvsframework.MainTest" time="0.739">
    <system-out><![CDATA[17:15:19.205 [main] INFO org.springframework.test.context.support.AnnotationConfigContextLoaderUtils -- Could not detect default configuration classes for test class [com.example.springbootvsframework.MainTest]: MainTest does not declare any static, non-private, non-final, nested classes annotated with @Configuration.
17:15:19.340 [main] INFO org.springframework.boot.test.context.SpringBootTestContextBootstrapper -- Found @SpringBootConfiguration com.example.springbootvsframework.Main for test class com.example.springbootvsframework.MainTest

  .   ____          _            __ _ _
 /\\ / ___'_ __ _ _(_)_ __  __ _ \ \ \ \
( ( )\___ | '_ | '_| | '_ \/ _` | \ \ \ \
 \\/  ___)| |_)| | | | | || (_| |  ) ) ) )
  '  |____| .__|_| |_|_| |_\__, | / / / /
 =========|_|==============|___/=/_/_/_/

 :: Spring Boot ::                (v3.5.0)

2025-06-05T17:15:19.932-04:00  INFO 70379 --- [SpringBootvsSpringFramework] [           main] c.e.springbootvsframework.MainTest       : Starting MainTest using Java 17.0.6 with PID 70379 (started by umairali in /Users/umairali/Rutgers/SoftwareEngineering/Backend/MODULE1/1.5/SpringBootvsSpringFramework)
2025-06-05T17:15:19.935-04:00  INFO 70379 --- [SpringBootvsSpringFramework] [           main] c.e.springbootvsframework.MainTest       : No active profile set, falling back to 1 default profile: "default"
2025-06-05T17:15:21.246-04:00  INFO 70379 --- [SpringBootvsSpringFramework] [           main] c.e.springbootvsframework.MainTest       : Started MainTest in 1.73 seconds (process running for 2.723)
]]></system-out>
  </testcase>
</testsuite>