<?xml version="1.0" encoding="UTF-8"?>
<testsuite xmlns:xsi="http://www.w3.org/2001/XMLSchema-instance" xsi:noNamespaceSchemaLocation="https://maven.apache.org/surefire/maven-surefire-plugin/xsd/surefire-test-report-3.0.xsd" version="3.0" name="com.codingshuttle.TestingApp.repositories.EmployeeRepositoryTest" time="9.208" tests="2" errors="0" skipped="0" failures="0">
  <properties>
[...]
</properties>
  <testcase name="testFindByEmail_whenEmailIsPresent_thenReturnEmployee" classname="com.codingshuttle.TestingApp.repositories.EmployeeRepositoryTest" time="0.564">
    <system-out><![CDATA[23:46:15.332 [main] INFO org.springframework.test.context.support.AnnotationConfigContextLoaderUtils -- Could not detect default configuration classes for test class [com.codingshuttle.TestingApp.repositories.EmployeeRepositoryTest]: EmployeeRepositoryTest does not declare any static, non-private, non-final, nested classes annotated with @Configuration.
23:46:15.440 [main] INFO org.springframework.boot.test.context.SpringBootTestContextBootstrapper -- Found @SpringBootConfiguration com.codingshuttle.TestingApp.TestingAppApplication for test class com.codingshuttle.TestingApp.repositories.EmployeeRepositoryTest

  .   ____          _            __ _ _
 /\\ / ___'_ __ _ _(_)_ __  __ _ \ \ \ \
( ( )\___ | '_ | '_| | '_ \/ _` | \ \ \ \
 \\/  ___)| |_)| | | | | || (_| |  ) ) ) )
  '  |____| .__|_| |_|_| |_\__, | / / / /
 =========|_|==============|___/=/_/_/_/

 :: Spring Boot ::                (v3.3.2)

2024-08-22T23:46:15.716+05:30  INFO 35835 --- [TestingApp] [           main] c.c.T.r.EmployeeRepositoryTest           : Starting EmployeeRepositoryTest using Java 21.0.4 with PID 35835 (started by anuj in /Users/anuj/Downloads/TestingApp)
2024-08-22T23:46:15.717+05:30  INFO 35835 --- [TestingApp] [           main] c.c.T.r.EmployeeRepositoryTest           : No active profile set, falling back to 1 default profile: "default"
2024-08-22T23:46:15.994+05:30  INFO 35835 --- [TestingApp] [           main] .s.d.r.c.RepositoryConfigurationDelegate : Bootstrapping Spring Data JPA repositories in DEFAULT mode.
2024-08-22T23:46:16.144+05:30  INFO 35835 --- [TestingApp] [           main] .s.d.r.c.RepositoryConfigurationDelegate : Finished Spring Data repository scanning in 142 ms. Found 1 JPA repository interface.
2024-08-22T23:46:16.351+05:30  INFO 35835 --- [TestingApp] [           main] org.testcontainers.images.PullPolicy     : Image pull policy will be performed by: DefaultPullPolicy()
2024-08-22T23:46:16.355+05:30  INFO 35835 --- [TestingApp] [           main] o.t.utility.ImageNameSubstitutor         : Image name substitution will be performed by: DefaultImageNameSubstitutor (composite of 'ConfigurationFileImageNameSubstitutor' and 'PrefixingImageNameSubstitutor')
2024-08-22T23:46:17.444+05:30  INFO 35835 --- [TestingApp] [           main] o.t.d.DockerClientProviderStrategy       : Loaded org.testcontainers.dockerclient.UnixSocketClientProviderStrategy from ~/.testcontainers.properties, will try it first
2024-08-22T23:46:17.800+05:30  INFO 35835 --- [TestingApp] [           main] o.t.d.DockerClientProviderStrategy       : Found Docker environment with local Unix socket (unix:///var/run/docker.sock)
2024-08-22T23:46:17.801+05:30  INFO 35835 --- [TestingApp] [           main] org.testcontainers.DockerClientFactory   : Docker host IP address is localhost
2024-08-22T23:46:17.841+05:30  INFO 35835 --- [TestingApp] [           main] org.testcontainers.DockerClientFactory   : Connected to docker: 
  Server Version: 20.10.23
  API Version: 1.41
  Operating System: Docker Desktop
  Total Memory: 7850 MB
2024-08-22T23:46:17.884+05:30  INFO 35835 --- [TestingApp] [           main] tc.testcontainers/ryuk:0.7.0             : Creating container for image: testcontainers/ryuk:0.7.0
2024-08-22T23:46:18.227+05:30  INFO 35835 --- [TestingApp] [           main] o.t.utility.RegistryAuthLocator          : Credential helper/store (docker-credential-desktop) does not have credentials for https://index.docker.io/v1/
2024-08-22T23:46:18.397+05:30  INFO 35835 --- [TestingApp] [           main] tc.testcontainers/ryuk:0.7.0             : Container testcontainers/ryuk:0.7.0 is starting: 58b43fd155a77aadbf7802975f3c31d2dcc6b288751c7e1870566b7851e108f1
2024-08-22T23:46:18.925+05:30  INFO 35835 --- [TestingApp] [           main] tc.testcontainers/ryuk:0.7.0             : Container testcontainers/ryuk:0.7.0 started in PT1.04093S
2024-08-22T23:46:18.933+05:30  INFO 35835 --- [TestingApp] [           main] o.t.utility.RyukResourceReaper           : Ryuk started - will monitor and terminate Testcontainers containers on JVM exit
2024-08-22T23:46:18.933+05:30  INFO 35835 --- [TestingApp] [           main] org.testcontainers.DockerClientFactory   : Checking the system...
2024-08-22T23:46:18.933+05:30  INFO 35835 --- [TestingApp] [           main] org.testcontainers.DockerClientFactory   : ✔︎ Docker server version should be at least 1.6.0
2024-08-22T23:46:18.934+05:30  INFO 35835 --- [TestingApp] [           main] tc.postgres:latest                       : Creating container for image: postgres:latest
2024-08-22T23:46:19.001+05:30  INFO 35835 --- [TestingApp] [           main] tc.postgres:latest                       : Container postgres:latest is starting: f39764fa25e935e3479908bdd01038cb9f55cdf2a33cacc74c49d59c99396fd5
2024-08-22T23:46:20.684+05:30  INFO 35835 --- [TestingApp] [           main] tc.postgres:latest                       : Container postgres:latest started in PT1.750552S
2024-08-22T23:46:20.686+05:30  INFO 35835 --- [TestingApp] [           main] tc.postgres:latest                       : Container is started (JDBC URL: jdbc:postgresql://localhost:60169/test?loggerLevel=OFF)
2024-08-22T23:46:20.953+05:30  INFO 35835 --- [TestingApp] [           main] o.hibernate.jpa.internal.util.LogHelper  : HHH000204: Processing PersistenceUnitInfo [name: default]
2024-08-22T23:46:21.132+05:30  INFO 35835 --- [TestingApp] [           main] org.hibernate.Version                    : HHH000412: Hibernate ORM core version 6.5.2.Final
2024-08-22T23:46:21.215+05:30  INFO 35835 --- [TestingApp] [           main] o.h.c.internal.RegionFactoryInitiator    : HHH000026: Second-level cache disabled
2024-08-22T23:46:22.269+05:30  INFO 35835 --- [TestingApp] [           main] o.s.o.j.p.SpringPersistenceUnitInfo      : No LoadTimeWeaver setup: ignoring JPA class transformer
2024-08-22T23:46:22.313+05:30  INFO 35835 --- [TestingApp] [           main] com.zaxxer.hikari.HikariDataSource       : HikariPool-1 - Starting...
2024-08-22T23:46:22.525+05:30  INFO 35835 --- [TestingApp] [           main] com.zaxxer.hikari.pool.HikariPool        : HikariPool-1 - Added connection org.postgresql.jdbc.PgConnection@17acd4c5
2024-08-22T23:46:22.527+05:30  INFO 35835 --- [TestingApp] [           main] com.zaxxer.hikari.HikariDataSource       : HikariPool-1 - Start completed.
2024-08-22T23:46:23.384+05:30  INFO 35835 --- [TestingApp] [           main] o.h.e.t.j.p.i.JtaPlatformInitiator       : HHH000489: No JTA platform available (set 'hibernate.transaction.jta.platform' to enable JTA platform integration)
Hibernate: 
    create table employee (
        id bigint generated by default as identity,
        email varchar(255),
        name varchar(255),
        salary bigint,
        primary key (id)
    )
Hibernate: 
    alter table if exists employee 
       drop constraint if exists UKfopic1oh5oln2khj8eat6ino0
2024-08-22T23:46:23.482+05:30  WARN 35835 --- [TestingApp] [           main] o.h.engine.jdbc.spi.SqlExceptionHelper   : SQL Warning Code: 0, SQLState: 00000
2024-08-22T23:46:23.482+05:30  WARN 35835 --- [TestingApp] [           main] o.h.engine.jdbc.spi.SqlExceptionHelper   : constraint "ukfopic1oh5oln2khj8eat6ino0" of relation "employee" does not exist, skipping
Hibernate: 
    alter table if exists employee 
       add constraint UKfopic1oh5oln2khj8eat6ino0 unique (email)
2024-08-22T23:46:23.486+05:30  INFO 35835 --- [TestingApp] [           main] j.LocalContainerEntityManagerFactoryBean : Initialized JPA EntityManagerFactory for persistence unit 'default'
2024-08-22T23:46:23.818+05:30  INFO 35835 --- [TestingApp] [           main] c.c.T.r.EmployeeRepositoryTest           : Started EmployeeRepositoryTest in 8.325 seconds (process running for 9.158)
my variable: global
Hibernate: 
    select
        e1_0.id,
        e1_0.email,
        e1_0.name,
        e1_0.salary 
    from
        employee e1_0 
    where
        e1_0.id=?
Hibernate: 
    insert 
    into
        employee
        (email, name, salary) 
    values
        (?, ?, ?) 
    returning id
Hibernate: 
    select
        e1_0.id,
        e1_0.email,
        e1_0.name,
        e1_0.salary 
    from
        employee e1_0 
    where
        e1_0.email=?
]]></system-out>
    <system-err><![CDATA[WARNING: A Java agent has been loaded dynamically (/Users/anuj/.m2/repository/net/bytebuddy/byte-buddy-agent/1.14.18/byte-buddy-agent-1.14.18.jar)
WARNING: If a serviceability tool is in use, please run with -XX:+EnableDynamicAgentLoading to hide this warning
WARNING: If a serviceability tool is not in use, please run with -Djdk.instrument.traceUsage for more information
WARNING: Dynamic loading of agents will be disallowed by default in a future release
]]></system-err>
  </testcase>
  <testcase name="testFindByEmail_whenEmailIsNotFound_thenReturnEmptyEmployeeList" classname="com.codingshuttle.TestingApp.repositories.EmployeeRepositoryTest" time="0.006">
    <system-out><![CDATA[Hibernate: 
    select
        e1_0.id,
        e1_0.email,
        e1_0.name,
        e1_0.salary 
    from
        employee e1_0 
    where
        e1_0.email=?
]]></system-out>
  </testcase>
</testsuite>