<?xml version="1.0" encoding="UTF-8"?>
<testsuite xmlns:xsi="http://www.w3.org/2001/XMLSchema-instance" xsi:noNamespaceSchemaLocation="https://maven.apache.org/surefire/maven-surefire-plugin/xsd/surefire-test-report-3.0.xsd" version="3.0" name="com.codingshuttle.TestingApp.TestingAppApplicationTests" time="0.01" tests="2" errors="0" skipped="0" failures="0">
  <properties>
[...]
</properties>
  <testcase name="testNumberOne" classname="com.codingshuttle.TestingApp.TestingAppApplicationTests" time="0.003">
    <system-out><![CDATA[2024-08-22T23:46:24.996+05:30  INFO 35835 --- [TestingApp] [           main] c.c.T.TestingAppApplicationTests         : Setup Once...
2024-08-22T23:46:24.997+05:30  INFO 35835 --- [TestingApp] [           main] c.c.T.TestingAppApplicationTests         : Starting the method, setting up config
2024-08-22T23:46:24.999+05:30  INFO 35835 --- [TestingApp] [           main] c.c.T.TestingAppApplicationTests         : Tearing down the method
]]></system-out>
  </testcase>
  <testcase name="testDivideTwoNumbers_whenDenominatorIsZero_ThenArithmeticException" classname="com.codingshuttle.TestingApp.TestingAppApplicationTests" time="0.002">
    <system-out><![CDATA[2024-08-22T23:46:25.000+05:30  INFO 35835 --- [TestingApp] [           main] c.c.T.TestingAppApplicationTests         : Starting the method, setting up config
2024-08-22T23:46:25.002+05:30 ERROR 35835 --- [TestingApp] [           main] c.c.T.TestingAppApplicationTests         : Arithmentic excepiton occured: / by zero
2024-08-22T23:46:25.002+05:30  INFO 35835 --- [TestingApp] [           main] c.c.T.TestingAppApplicationTests         : Tearing down the method
]]></system-out>
  </testcase>
</testsuite>